<?xml version="1.0" encoding="UTF-8"?>
<!-- Generated by org.testng.reporters.JUnitReportReporter -->
<testsuite skipped="0" hostname="Naveen-Mac.local" name="com.qa.hubspot.tests.LoginPageTest" tests="1" failures="0" timestamp="10 Jul 2020 02:18:53 GMT" time="4.082" errors="0">
  <testcase name="verifyLoginPageTitleTest" time="4.082" classname="com.qa.hubspot.tests.LoginPageTest"/>
</testsuite> <!-- com.qa.hubspot.tests.LoginPageTest -->
